Start testing: Jun 28 21:25 MSK
----------------------------------------------------------
1/21 Testing: std_impl_memory_smoke_test
1/21 Test: std_impl_memory_smoke_test
Command: "/Users/dskniazev/projects/github/dmitriiskniazev/std-impl/build/std_impl_memory_smoke_test"
Directory: /Users/dskniazev/projects/github/dmitriiskniazev/std-impl/build
"std_impl_memory_smoke_test" start time: Jun 28 21:25 MSK
Output:
----------------------------------------------------------
<end of output>
Test time =   0.33 sec
----------------------------------------------------------
Test Passed.
"std_impl_memory_smoke_test" end time: Jun 28 21:25 MSK
"std_impl_memory_smoke_test" time elapsed: 00:00:00
----------------------------------------------------------

2/21 Testing: std_impl_memory_default_delete_test
2/21 Test: std_impl_memory_default_delete_test
Command: "/Users/dskniazev/projects/github/dmitriiskniazev/std-impl/build/std_impl_memory_default_delete_test"
Directory: /Users/dskniazev/projects/github/dmitriiskniazev/std-impl/build
"std_impl_memory_default_delete_test" start time: Jun 28 21:25 MSK
Output:
----------------------------------------------------------
<end of output>
Test time =   0.27 sec
----------------------------------------------------------
Test Passed.
"std_impl_memory_default_delete_test" end time: Jun 28 21:25 MSK
"std_impl_memory_default_delete_test" time elapsed: 00:00:00
----------------------------------------------------------

3/21 Testing: std_impl_memory_unique_ptr_test
3/21 Test: std_impl_memory_unique_ptr_test
Command: "/Users/dskniazev/projects/github/dmitriiskniazev/std-impl/build/std_impl_memory_unique_ptr_test"
Directory: /Users/dskniazev/projects/github/dmitriiskniazev/std-impl/build
"std_impl_memory_unique_ptr_test" start time: Jun 28 21:25 MSK
Output:
----------------------------------------------------------
<end of output>
Test time =   0.27 sec
----------------------------------------------------------
Test Passed.
"std_impl_memory_unique_ptr_test" end time: Jun 28 21:25 MSK
"std_impl_memory_unique_ptr_test" time elapsed: 00:00:00
----------------------------------------------------------

4/21 Testing: std_impl_memory_make_unique_test
4/21 Test: std_impl_memory_make_unique_test
Command: "/Users/dskniazev/projects/github/dmitriiskniazev/std-impl/build/std_impl_memory_make_unique_test"
Directory: /Users/dskniazev/projects/github/dmitriiskniazev/std-impl/build
"std_impl_memory_make_unique_test" start time: Jun 28 21:25 MSK
Output:
----------------------------------------------------------
<end of output>
Test time =   0.27 sec
----------------------------------------------------------
Test Passed.
"std_impl_memory_make_unique_test" end time: Jun 28 21:25 MSK
"std_impl_memory_make_unique_test" time elapsed: 00:00:00
----------------------------------------------------------

5/21 Testing: std_impl_memory_shared_ptr_test
5/21 Test: std_impl_memory_shared_ptr_test
Command: "/Users/dskniazev/projects/github/dmitriiskniazev/std-impl/build/std_impl_memory_shared_ptr_test"
Directory: /Users/dskniazev/projects/github/dmitriiskniazev/std-impl/build
"std_impl_memory_shared_ptr_test" start time: Jun 28 21:25 MSK
Output:
----------------------------------------------------------
<end of output>
Test time =   0.29 sec
----------------------------------------------------------
Test Passed.
"std_impl_memory_shared_ptr_test" end time: Jun 28 21:25 MSK
"std_impl_memory_shared_ptr_test" time elapsed: 00:00:00
----------------------------------------------------------

6/21 Testing: std_impl_memory_weak_ptr_test
6/21 Test: std_impl_memory_weak_ptr_test
Command: "/Users/dskniazev/projects/github/dmitriiskniazev/std-impl/build/std_impl_memory_weak_ptr_test"
Directory: /Users/dskniazev/projects/github/dmitriiskniazev/std-impl/build
"std_impl_memory_weak_ptr_test" start time: Jun 28 21:25 MSK
Output:
----------------------------------------------------------
<end of output>
Test time =   0.27 sec
----------------------------------------------------------
Test Passed.
"std_impl_memory_weak_ptr_test" end time: Jun 28 21:25 MSK
"std_impl_memory_weak_ptr_test" time elapsed: 00:00:00
----------------------------------------------------------

7/21 Testing: std_impl_memory_make_shared_test
7/21 Test: std_impl_memory_make_shared_test
Command: "/Users/dskniazev/projects/github/dmitriiskniazev/std-impl/build/std_impl_memory_make_shared_test"
Directory: /Users/dskniazev/projects/github/dmitriiskniazev/std-impl/build
"std_impl_memory_make_shared_test" start time: Jun 28 21:25 MSK
Output:
----------------------------------------------------------
<end of output>
Test time =   0.33 sec
----------------------------------------------------------
Test Passed.
"std_impl_memory_make_shared_test" end time: Jun 28 21:25 MSK
"std_impl_memory_make_shared_test" time elapsed: 00:00:00
----------------------------------------------------------

8/21 Testing: std_impl_memory_allocate_shared_test
8/21 Test: std_impl_memory_allocate_shared_test
Command: "/Users/dskniazev/projects/github/dmitriiskniazev/std-impl/build/std_impl_memory_allocate_shared_test"
Directory: /Users/dskniazev/projects/github/dmitriiskniazev/std-impl/build
"std_impl_memory_allocate_shared_test" start time: Jun 28 21:25 MSK
Output:
----------------------------------------------------------
<end of output>
Test time =   0.27 sec
----------------------------------------------------------
Test Passed.
"std_impl_memory_allocate_shared_test" end time: Jun 28 21:25 MSK
"std_impl_memory_allocate_shared_test" time elapsed: 00:00:00
----------------------------------------------------------

9/21 Testing: std_impl_memory_shared_ptr_cpp26_test
9/21 Test: std_impl_memory_shared_ptr_cpp26_test
Command: "/Users/dskniazev/projects/github/dmitriiskniazev/std-impl/build/std_impl_memory_shared_ptr_cpp26_test"
Directory: /Users/dskniazev/projects/github/dmitriiskniazev/std-impl/build
"std_impl_memory_shared_ptr_cpp26_test" start time: Jun 28 21:25 MSK
Output:
----------------------------------------------------------
<end of output>
Test time =   0.29 sec
----------------------------------------------------------
Test Passed.
"std_impl_memory_shared_ptr_cpp26_test" end time: Jun 28 21:25 MSK
"std_impl_memory_shared_ptr_cpp26_test" time elapsed: 00:00:00
----------------------------------------------------------

10/21 Testing: std_impl_memory_enable_shared_from_this_test
10/21 Test: std_impl_memory_enable_shared_from_this_test
Command: "/Users/dskniazev/projects/github/dmitriiskniazev/std-impl/build/std_impl_memory_enable_shared_from_this_test"
Directory: /Users/dskniazev/projects/github/dmitriiskniazev/std-impl/build
"std_impl_memory_enable_shared_from_this_test" start time: Jun 28 21:25 MSK
Output:
----------------------------------------------------------
<end of output>
Test time =   0.28 sec
----------------------------------------------------------
Test Passed.
"std_impl_memory_enable_shared_from_this_test" end time: Jun 28 21:25 MSK
"std_impl_memory_enable_shared_from_this_test" time elapsed: 00:00:00
----------------------------------------------------------

11/21 Testing: std_impl_optional_smoke_test
11/21 Test: std_impl_optional_smoke_test
Command: "/Users/dskniazev/projects/github/dmitriiskniazev/std-impl/build/std_impl_optional_smoke_test"
Directory: /Users/dskniazev/projects/github/dmitriiskniazev/std-impl/build
"std_impl_optional_smoke_test" start time: Jun 28 21:25 MSK
Output:
----------------------------------------------------------
<end of output>
Test time =   0.26 sec
----------------------------------------------------------
Test Passed.
"std_impl_optional_smoke_test" end time: Jun 28 21:25 MSK
"std_impl_optional_smoke_test" time elapsed: 00:00:00
----------------------------------------------------------

12/21 Testing: std_impl_optional_nullopt_test
12/21 Test: std_impl_optional_nullopt_test
Command: "/Users/dskniazev/projects/github/dmitriiskniazev/std-impl/build/std_impl_optional_nullopt_test"
Directory: /Users/dskniazev/projects/github/dmitriiskniazev/std-impl/build
"std_impl_optional_nullopt_test" start time: Jun 28 21:25 MSK
Output:
----------------------------------------------------------
<end of output>
Test time =   0.28 sec
----------------------------------------------------------
Test Passed.
"std_impl_optional_nullopt_test" end time: Jun 28 21:25 MSK
"std_impl_optional_nullopt_test" time elapsed: 00:00:00
----------------------------------------------------------

13/21 Testing: std_impl_optional_bad_optional_access_test
13/21 Test: std_impl_optional_bad_optional_access_test
Command: "/Users/dskniazev/projects/github/dmitriiskniazev/std-impl/build/std_impl_optional_bad_optional_access_test"
Directory: /Users/dskniazev/projects/github/dmitriiskniazev/std-impl/build
"std_impl_optional_bad_optional_access_test" start time: Jun 28 21:25 MSK
Output:
----------------------------------------------------------
<end of output>
Test time =   0.26 sec
----------------------------------------------------------
Test Passed.
"std_impl_optional_bad_optional_access_test" end time: Jun 28 21:25 MSK
"std_impl_optional_bad_optional_access_test" time elapsed: 00:00:00
----------------------------------------------------------

14/21 Testing: std_impl_optional_optional_test
14/21 Test: std_impl_optional_optional_test
Command: "/Users/dskniazev/projects/github/dmitriiskniazev/std-impl/build/std_impl_optional_optional_test"
Directory: /Users/dskniazev/projects/github/dmitriiskniazev/std-impl/build
"std_impl_optional_optional_test" start time: Jun 28 21:25 MSK
Output:
----------------------------------------------------------
<end of output>
Test time =   0.27 sec
----------------------------------------------------------
Test Passed.
"std_impl_optional_optional_test" end time: Jun 28 21:25 MSK
"std_impl_optional_optional_test" time elapsed: 00:00:00
----------------------------------------------------------

15/21 Testing: std_impl_optional_make_optional_test
15/21 Test: std_impl_optional_make_optional_test
Command: "/Users/dskniazev/projects/github/dmitriiskniazev/std-impl/build/std_impl_optional_make_optional_test"
Directory: /Users/dskniazev/projects/github/dmitriiskniazev/std-impl/build
"std_impl_optional_make_optional_test" start time: Jun 28 21:25 MSK
Output:
----------------------------------------------------------
<end of output>
Test time =   0.29 sec
----------------------------------------------------------
Test Passed.
"std_impl_optional_make_optional_test" end time: Jun 28 21:25 MSK
"std_impl_optional_make_optional_test" time elapsed: 00:00:00
----------------------------------------------------------

16/21 Testing: std_impl_optional_optional_ref_test
16/21 Test: std_impl_optional_optional_ref_test
Command: "/Users/dskniazev/projects/github/dmitriiskniazev/std-impl/build/std_impl_optional_optional_ref_test"
Directory: /Users/dskniazev/projects/github/dmitriiskniazev/std-impl/build
"std_impl_optional_optional_ref_test" start time: Jun 28 21:25 MSK
Output:
----------------------------------------------------------
<end of output>
Test time =   0.28 sec
----------------------------------------------------------
Test Passed.
"std_impl_optional_optional_ref_test" end time: Jun 28 21:25 MSK
"std_impl_optional_optional_ref_test" time elapsed: 00:00:00
----------------------------------------------------------

17/21 Testing: std_impl_expected_smoke_test
17/21 Test: std_impl_expected_smoke_test
Command: "/Users/dskniazev/projects/github/dmitriiskniazev/std-impl/build/std_impl_expected_smoke_test"
Directory: /Users/dskniazev/projects/github/dmitriiskniazev/std-impl/build
"std_impl_expected_smoke_test" start time: Jun 28 21:25 MSK
Output:
----------------------------------------------------------
<end of output>
Test time =   0.27 sec
----------------------------------------------------------
Test Passed.
"std_impl_expected_smoke_test" end time: Jun 28 21:25 MSK
"std_impl_expected_smoke_test" time elapsed: 00:00:00
----------------------------------------------------------

18/21 Testing: std_impl_expected_bad_expected_access_test
18/21 Test: std_impl_expected_bad_expected_access_test
Command: "/Users/dskniazev/projects/github/dmitriiskniazev/std-impl/build/std_impl_expected_bad_expected_access_test"
Directory: /Users/dskniazev/projects/github/dmitriiskniazev/std-impl/build
"std_impl_expected_bad_expected_access_test" start time: Jun 28 21:25 MSK
Output:
----------------------------------------------------------
<end of output>
Test time =   0.29 sec
----------------------------------------------------------
Test Passed.
"std_impl_expected_bad_expected_access_test" end time: Jun 28 21:25 MSK
"std_impl_expected_bad_expected_access_test" time elapsed: 00:00:00
----------------------------------------------------------

19/21 Testing: std_impl_expected_unexpected_test
19/21 Test: std_impl_expected_unexpected_test
Command: "/Users/dskniazev/projects/github/dmitriiskniazev/std-impl/build/std_impl_expected_unexpected_test"
Directory: /Users/dskniazev/projects/github/dmitriiskniazev/std-impl/build
"std_impl_expected_unexpected_test" start time: Jun 28 21:25 MSK
Output:
----------------------------------------------------------
<end of output>
Test time =   0.27 sec
----------------------------------------------------------
Test Passed.
"std_impl_expected_unexpected_test" end time: Jun 28 21:25 MSK
"std_impl_expected_unexpected_test" time elapsed: 00:00:00
----------------------------------------------------------

20/21 Testing: std_impl_expected_expected_test
20/21 Test: std_impl_expected_expected_test
Command: "/Users/dskniazev/projects/github/dmitriiskniazev/std-impl/build/std_impl_expected_expected_test"
Directory: /Users/dskniazev/projects/github/dmitriiskniazev/std-impl/build
"std_impl_expected_expected_test" start time: Jun 28 21:25 MSK
Output:
----------------------------------------------------------
<end of output>
Test time =   0.39 sec
----------------------------------------------------------
Test Passed.
"std_impl_expected_expected_test" end time: Jun 28 21:25 MSK
"std_impl_expected_expected_test" time elapsed: 00:00:00
----------------------------------------------------------

21/21 Testing: std_impl_expected_expected_void_test
21/21 Test: std_impl_expected_expected_void_test
Command: "/Users/dskniazev/projects/github/dmitriiskniazev/std-impl/build/std_impl_expected_expected_void_test"
Directory: /Users/dskniazev/projects/github/dmitriiskniazev/std-impl/build
"std_impl_expected_expected_void_test" start time: Jun 28 21:25 MSK
Output:
----------------------------------------------------------
<end of output>
Test time =   0.27 sec
----------------------------------------------------------
Test Passed.
"std_impl_expected_expected_void_test" end time: Jun 28 21:25 MSK
"std_impl_expected_expected_void_test" time elapsed: 00:00:00
----------------------------------------------------------

End testing: Jun 28 21:25 MSK
